/usr/libexec/mysqld, Version: 5.5.40-log (MySQL Community Server (GPL) by Remi). started with:
Tcp port: 3306  Unix socket: /var/lib/mysql/mysql.sock
Time                 Id Command    Argument
# Time: 150309 18:08:56
# User@Host: view[view] @  [192.168.1.57]
# Query_time: 14.397787  Lock_time: 0.000135 Rows_sent: 6205  Rows_examined: 258861
use admin_db;
SET timestamp=1425895736;
SELECT * from admin_db.t_agent_install_income where Fagent = 11174 and LEFT(Fcreate_time,7) = '2014-12';
# Time: 150309 21:39:22
# User@Host: fql_slave[fql_slave] @  [192.168.1.50]
# Query_time: 3.741427  Lock_time: 0.000365 Rows_sent: 1  Rows_examined: 209862
SET timestamp=1425908362;
SELECT COALESCE(Ftotal_order_num,0) AS Ftotal_order_num,COALESCE(Fwait_valid_order_num,0) AS Fwait_valid_order_num,COALESCE(Fclose_order_num,0) AS Fclose_order_num,COALESCE(Fvalid_order_num,0) AS Fvalid_order_num,COALESCE(Forder_ex_num,0) AS Forder_ex_num,COALESCE(Forder_ex_finished_num,0) AS Forder_ex_finished_num,COALESCE(Fbuy_suc_order_num,0) AS Fbuy_suc_order_num,COALESCE(Frecv_good_num,0) AS Frecv_good_num,COALESCE(Ffirstpay_num,0) AS Ffirstpay_num,COALESCE(Ffinish_order_num,0) AS Ffinish_order_num,COALESCE(Fupload_contract_num,0) AS Fupload_contract_num,COALESCE(Ftotal_amount,0) AS Ftotal_amount,COALESCE(Fuser_num,0) AS Fuser_num FROM (select COUNT(1) AS Ftotal_order_num,
					COUNT(IF(Forder_state < 20 OR Forder_state = 100,true,null)) as Fwait_valid_order_num,
					COUNT(IF(Forder_state=20 or Forder_state=120 or Forder_state=220 or Forder_state=301 or Forder_state=340,true,null)) as Fclose_order_num,
					COUNT(IF(Fcheck_result&2048<>0 OR Fcheck_result&4096<>0,true,null)) as Forder_ex_num,
					COUNT(IF(Fcheck_result&8192<>0,true,null)) as Forder_ex_finished_num,
					COUNT(IF((Forder_state=110 OR Forder_state>=200) AND Forder_state!=220 AND Forder_state!=301 AND Forder_state!=340 AND Fcheck_result&2048=0 AND Fcheck_result&4096=0 AND Fcheck_result&8192=0,true,null)) as Fvalid_order_num,COUNT(IF(Forder_state=110 or Forder_state=200 or Forder_state=210,true,null)) as Fbuy_suc_order_num,
					COUNT(IF((Forder_state=300 or Forder_state=310 or Forder_state=320) AND Fcheck_result&2048=0 AND Fcheck_result&4096=0 AND Fcheck_result&8192=0,true,null)) as Frecv_good_num,
					COUNT(IF(Forder_state>=350 and Fpay_state!=21 and Ftotal_firstpay!=0,true,null)) as Ffirstpay_num,
					COUNT(IF(Forder_state>=350 and (Fpay_state=21 or Ftotal_firstpay=0),true,null)) as Ffinish_order_num,COUNT(IF(Forder_state>=350 AND (Fcontract_front="" || Fcontract_sign=""),true,null)) as Fupload_contract_num,SUM(IF(Forder_state>=350,Ftotal_amount,0)) AS Ftotal_amount from order_db.t_order where Finner_flag&1=0 AND Fcreate_time>='2015-03-01 00:00:00' AND Fcreate_time<='2015-03-31 23:59:59' AND Fdistrict_id_stat = 17 and Forder_type in (0,10)) as OO  INNER JOIN (select count(1) as Fuser_num from user_db.t_user_info ui left join admin_db.t_area_info ai using(Farea_id) WHERE ui.Fcreate_time>='2015-03-01 00:00:00' AND ui.Fcreate_time<='2015-03-31 23:59:59' AND ai.Fdistrict_id = 17) as U  WHERE  1;
# Time: 150309 21:41:53
# User@Host: fql_slave[fql_slave] @  [192.168.1.50]
# Query_time: 3.196450  Lock_time: 0.000142 Rows_sent: 2  Rows_examined: 614397
SET timestamp=1425908513;
SELECT O.Forder_id,O.Forder_type,O.Frepay_type,O.Fuid,O.Ftotal_amount,O.Ftotal_firstpay,O.Ftotal_mon_pay,O.Fmax_fq_num,O.Forder_state,O.Fpay_state,O.Fdiscount_id,O.Fdiscount_amount,O.Frepay_num,Fpay_type,Fname,Fsupplier,Fsupplier_id,Farrive_time,Fexpect_arrive,Fsupplier_amount,Fdelivery,Fdelivery_memo,Fcheck_require,Fcheck_result,Fcompany_id,Freceiver_id,Fschool,Freceipt_mobile,Ftelephone,Farea,Farea_id,O.Fagent,Finner_flag,O.Fcreate_time,O.Fmodify_time,Fmemo,Faccount_date,Fnext_repay_day,Finstitute,Fmon_repay_day,Fcredit_id,Fcredit_front,Fcredit_back,Fpersonal_pic,Fgrade,Fstudent_id,Fstudent_id_pic,Ffee_list_pic,Fuser_info_pic,Fdorm_pic,Fschool_roll_pic,Fcontract_front,Fcontract_sign,Forder_type,Fchannel_id,Fcity_id,Fcity FROM order_db.t_order AS O   WHERE  1 AND (Fname = '13050822990' or Freceipt_mobile = '13050822990') AND Forder_type IN(100,20,30) AND  O.Fcreate_time >= '2014-02-09 00:00:00'  AND  O.Fcreate_time <= '2015-03-09 59:59:59'  AND  1  AND (Finner_flag&1)=0 ORDER BY  O.Fcreate_time DESC  LIMIT 0,10;
# Time: 150309 21:43:17
# User@Host: fql_slave[fql_slave] @  [192.168.1.50]
# Query_time: 2.718035  Lock_time: 0.000160 Rows_sent: 2  Rows_examined: 614410
SET timestamp=1425908597;
SELECT O.Forder_id,O.Forder_type,O.Frepay_type,O.Fuid,O.Ftotal_amount,O.Ftotal_firstpay,O.Ftotal_mon_pay,O.Fmax_fq_num,O.Forder_state,O.Fpay_state,O.Fdiscount_id,O.Fdiscount_amount,O.Frepay_num,Fpay_type,Fname,Fsupplier,Fsupplier_id,Farrive_time,Fexpect_arrive,Fsupplier_amount,Fdelivery,Fdelivery_memo,Fcheck_require,Fcheck_result,Fcompany_id,Freceiver_id,Fschool,Freceipt_mobile,Ftelephone,Farea,Farea_id,O.Fagent,Finner_flag,O.Fcreate_time,O.Fmodify_time,Fmemo,Faccount_date,Fnext_repay_day,Finstitute,Fmon_repay_day,Fcredit_id,Fcredit_front,Fcredit_back,Fpersonal_pic,Fgrade,Fstudent_id,Fstudent_id_pic,Ffee_list_pic,Fuser_info_pic,Fdorm_pic,Fschool_roll_pic,Fcontract_front,Fcontract_sign,Forder_type,Fchannel_id,Fcity_id,Fcity FROM order_db.t_order AS O   WHERE  1 AND (Fname = '13050822990' or Freceipt_mobile = '13050822990') AND Forder_type IN(100,20,30) AND  O.Fcreate_time >= '2014-02-09 00:00:00'  AND  O.Fcreate_time <= '2015-03-09 59:59:59'  AND  1  AND (Finner_flag&1)=0 ORDER BY  O.Fcreate_time DESC  LIMIT 0,10;
# Time: 150309 21:53:02
# User@Host: fql_slave[fql_slave] @  [192.168.1.50]
# Query_time: 2.099132  Lock_time: 0.000207 Rows_sent: 1  Rows_examined: 615234
SET timestamp=1425909182;
SELECT oi.Forder_id,oi.Forder_state,oi.Forder_type,oi.Fname,oi.Freceipt_mobile,oi.Fnext_repay_day,oi.Fmon_repay_day,oi.Fcheck_result,oi.Ftotal_amount,oi.Fcheck_require,oi.Fpay_state,oi.Ftotal_firstpay,oi.Fschool,oi.Farea,od.Faccept_order_time,od.Faccept_state,od.Fflag,oi.Fsupplier_id,od.Fdelivery_id,od.Fdelivery_id_type,od.Fcreate_time as Ffirst_apprv_time,oi.Fcreate_time FROM order_db.t_order_delivery AS od RIGHT JOIN order_db.t_order AS oi using(Forder_id)  WHERE  1 AND oi.Fname='任洁' AND ( (oi.Forder_state = 310) or (oi.Forder_state = 310 and (od.Fflag&8=0)) ) AND (oi.Fcheck_result&2048=0 AND oi.Fcheck_result&4096=0 AND oi.Fcheck_result&8192=0) AND  (od.Freceiver_center_id in (189,275,276,277,278,279,280,281,282,283,284,285,189,275,276,277,278,279,280,281,282,283,284,285) or (od.Fdelivery_id = 1511 and od.Fdelivery_id_type = 1) or oi.Fdelivery = 'Bellacha' or oi.Fcompany_id in (189,275,276,277,278,279,280,281,282,283,284,285,189,275,276,277,278,279,280,281,282,283,284,285))  ORDER BY oi.Fcreate_time ASC LIMIT 0,10;
# Time: 150309 21:53:25
# User@Host: fql_slave[fql_slave] @  [192.168.1.50]
# Query_time: 2.215899  Lock_time: 0.000210 Rows_sent: 1  Rows_examined: 615241
SET timestamp=1425909205;
SELECT oi.Forder_id,oi.Forder_state,oi.Forder_type,oi.Fname,oi.Freceipt_mobile,oi.Fnext_repay_day,oi.Fmon_repay_day,oi.Fcheck_result,oi.Ftotal_amount,oi.Fcheck_require,oi.Fpay_state,oi.Ftotal_firstpay,oi.Fschool,oi.Farea,od.Faccept_order_time,od.Faccept_state,od.Fflag,oi.Fsupplier_id,od.Fdelivery_id,od.Fdelivery_id_type,od.Fcreate_time as Ffirst_apprv_time,oi.Fcreate_time FROM order_db.t_order_delivery AS od RIGHT JOIN order_db.t_order AS oi using(Forder_id)  WHERE  1 AND oi.Fname='任洁' AND ( (oi.Forder_state = 310) or (oi.Forder_state = 310 and (od.Fflag&8=0)) ) AND (oi.Fcheck_result&2048=0 AND oi.Fcheck_result&4096=0 AND oi.Fcheck_result&8192=0) AND  (od.Freceiver_center_id in (189,275,276,277,278,279,280,281,282,283,284,285,189,275,276,277,278,279,280,281,282,283,284,285) or (od.Fdelivery_id = 1511 and od.Fdelivery_id_type = 1) or oi.Fdelivery = 'Bellacha' or oi.Fcompany_id in (189,275,276,277,278,279,280,281,282,283,284,285,189,275,276,277,278,279,280,281,282,283,284,285))  ORDER BY oi.Fcreate_time ASC LIMIT 0,10;
# Time: 150309 21:55:42
# User@Host: fql_slave[fql_slave] @  [192.168.1.50]
# Query_time: 2.591496  Lock_time: 0.000161 Rows_sent: 2  Rows_examined: 614532
SET timestamp=1425909342;
SELECT O.Forder_id,O.Forder_type,O.Frepay_type,O.Fuid,O.Ftotal_amount,O.Ftotal_firstpay,O.Ftotal_mon_pay,O.Fmax_fq_num,O.Forder_state,O.Fpay_state,O.Fdiscount_id,O.Fdiscount_amount,O.Frepay_num,Fpay_type,Fname,Fsupplier,Fsupplier_id,Farrive_time,Fexpect_arrive,Fsupplier_amount,Fdelivery,Fdelivery_memo,Fcheck_require,Fcheck_result,Fcompany_id,Freceiver_id,Fschool,Freceipt_mobile,Ftelephone,Farea,Farea_id,O.Fagent,Finner_flag,O.Fcreate_time,O.Fmodify_time,Fmemo,Faccount_date,Fnext_repay_day,Finstitute,Fmon_repay_day,Fcredit_id,Fcredit_front,Fcredit_back,Fpersonal_pic,Fgrade,Fstudent_id,Fstudent_id_pic,Ffee_list_pic,Fuser_info_pic,Fdorm_pic,Fschool_roll_pic,Fcontract_front,Fcontract_sign,Forder_type,Fchannel_id,Fcity_id,Fcity FROM order_db.t_order AS O   WHERE Fname='徐国力' AND Forder_type IN(10) AND  O.Fcreate_time >= '2014-02-09 00:00:00'  AND  O.Fcreate_time <= '2015-03-09 23:59:59'  AND  1  AND (Finner_flag&1)=0 ORDER BY  O.Fcreate_time DESC  LIMIT 0,20;
# Time: 150309 21:56:20
# User@Host: fql_slave[fql_slave] @  [192.168.1.50]
# Query_time: 2.139944  Lock_time: 0.000144 Rows_sent: 10  Rows_examined: 508436
SET timestamp=1425909380;
SELECT O.Forder_id,O.Forder_type,O.Frepay_type,O.Fuid,O.Ftotal_amount,O.Ftotal_firstpay,O.Ftotal_mon_pay,O.Fmax_fq_num,O.Forder_state,O.Fpay_state,O.Fdiscount_id,O.Fdiscount_amount,O.Frepay_num,Fpay_type,Fname,Fsupplier,Fsupplier_id,Farrive_time,Fexpect_arrive,Fsupplier_amount,Fdelivery,Fdelivery_memo,Fcheck_require,Fcheck_result,Fcompany_id,Freceiver_id,Fschool,Freceipt_mobile,Ftelephone,Farea,Farea_id,O.Fagent,Finner_flag,O.Fcreate_time,O.Fmodify_time,Fmemo,Faccount_date,Fnext_repay_day,Finstitute,Fmon_repay_day,Fcredit_id,Fcredit_front,Fcredit_back,Fpersonal_pic,Fgrade,Fstudent_id,Fstudent_id_pic,Ffee_list_pic,Fuser_info_pic,Fdorm_pic,Fschool_roll_pic,Fcontract_front,Fcontract_sign,Forder_type,Fchannel_id,Fcity_id,Fcity FROM order_db.t_order AS O   WHERE  (Fcheck_result&2048<>0) AND  1  AND (Finner_flag&1)=0 ORDER BY  O.Fcreate_time DESC  LIMIT 20,10;
# Time: 150309 22:00:19
# User@Host: fql_slave[fql_slave] @  [192.168.1.59]
# Query_time: 19.356472  Lock_time: 0.000712 Rows_sent: 18  Rows_examined: 3991931
SET timestamp=1425909619;
SELECT Left(Faccount_date,7) as Fmon,COUNT(1) as Forder_num,SUM(Ftotal_amount) as Ftotal_amount,SUM(Ftotal_firstpay) as Ftotal_firstpay,SUM(Fsupplier_amount) as Fsupplier_amount,COALESCE(SUM(Fcapital),0) as Fcapital,COALESCE(SUM(Fmon_fee),0) as Fmon_fee,COALESCE(SUM(Fpenalty),0) as Fpenalty,COALESCE(SUM(Freduced_amount),0) as Freduced_amount,COALESCE(SUM(Fcapitaling),0) as Fcapitaling,COALESCE(SUM(Fmon_feeing),0) as Fmon_feeing,COALESCE(SUM(Fpenaltying),0) as Fpenaltying,COALESCE(SUM(Freduced_amounting),0) as Freduced_amounting FROM ( 	SELECT 		O.Forder_id, 		O.Forder_type, 		O.Faccount_date, 		O.Ftotal_amount, 		O.Ftotal_firstpay, 		O.Fsupplier_amount, 		SUM(RI.Fpayed_capital) AS Fcapital, 		SUM(RI.Fpayed_fee) AS Fmon_fee, 		SUM(RI.Fpayed_penalty) AS Fpenalty, 		SUM(RI.Fpayed_reduce) AS Freduced_amount, 		SUM(IF (RI.Frepay_state IN (1, 10),RI.Fcapital,0)) AS Fcapitaling, 		SUM( 		CASE  		WHEN RI.Frepay_type = 10 AND RI.Frepay_state IN (1, 10) THEN RI.Fmon_fee 		WHEN RI.Frepay_type = 20 AND RI.Frepay_state = 1 AND DATEDIFF(CURDATE(),RI.Finterest_date) <= RI.Ffree_day THEN 0 		WHEN RI.Frepay_type = 20 AND RI.Frepay_state = 1 AND DATEDIFF(CURDATE(),RI.Finterest_date) > RI.Ffree_day THEN CEIL(RI.Fcapital * RI.Fratio * (DATEDIFF(CURDATE(),RI.Finterest_date) - RI.Ffree_day) / 10000) 		WHEN RI.Frepay_type = 20 AND RI.Frepay_state = 10 AND DATEDIFF(RI.Frepay_date,RI.Finterest_date) <= RI.Ffree_day THEN 0 		WHEN RI.Frepay_type = 20 AND RI.Frepay_state = 10 AND DATEDIFF(RI.Frepay_date,RI.Finterest_date) > RI.Ffree_day THEN CEIL(RI.Fcapital * RI.Fratio * (DATEDIFF(Frepay_date,RI.Finterest_date) - RI.Ffree_day) / 10000) 		ELSE 0 		END 		) AS Fmon_feeing, 		SUM( 		CASE 		WHEN RI.Frepay_type = 10 AND RI.Frepay_state IN (1, 10) THEN RI.Fpenalty 		WHEN RI.Frepay_type = 20 AND RI.Frepay_state = 1 THEN 0 		WHEN RI.Frepay_type = 20 AND RI.Frepay_state = 10 AND DATEDIFF(RI.Frepay_date,RI.Finterest_date) <= RI.Ffree_day THEN 0 		WHEN RI.Frepay_type = 20 AND RI.Frepay_state = 10 AND DATEDIFF(RI.Frepay_date,RI.Finterest_date) > RI.Ffree_day THEN CEIL(RI.Fcapital * RI.Foverdue_ratio * (DATEDIFF(CURDATE(), RI.Frepay_date) - RI.Foverdue_free_day) / 10000) 		ELSE 0 		END 		) AS Fpenaltying, 		SUM(IF (RI.Frepay_state IN (1, 10), RI.Freduced_amount, 0)) AS Freduced_amounting 	FROM 		order_db.t_order AS O 		LEFT JOIN order_db.t_repay_info AS RI ON O.Forder_id = RI.Forder_id 		AND RI.Frepay_state <> 30 	WHERE 		O.Forder_state >= 350 	AND (O.Finner_flag & 1) = 0 	GROUP BY 		O.Forder_id ) AS O  WHERE Forder_type=10  group by Fmon;
# Time: 150309 22:00:35
# User@Host: fql_slave[fql_slave] @  [192.168.1.59]
# Query_time: 15.727571  Lock_time: 0.000253 Rows_sent: 7  Rows_examined: 3991953
SET timestamp=1425909635;
SELECT Left(Faccount_date,7) as Fmon,COUNT(1) as Forder_num,SUM(Ftotal_amount) as Ftotal_amount,SUM(Ftotal_firstpay) as Ftotal_firstpay,SUM(Fsupplier_amount) as Fsupplier_amount,COALESCE(SUM(Fcapital),0) as Fcapital,COALESCE(SUM(Fmon_fee),0) as Fmon_fee,COALESCE(SUM(Fpenalty),0) as Fpenalty,COALESCE(SUM(Freduced_amount),0) as Freduced_amount,COALESCE(SUM(Fcapitaling),0) as Fcapitaling,COALESCE(SUM(Fmon_feeing),0) as Fmon_feeing,COALESCE(SUM(Fpenaltying),0) as Fpenaltying,COALESCE(SUM(Freduced_amounting),0) as Freduced_amounting FROM ( 	SELECT 		O.Forder_id, 		O.Forder_type, 		O.Faccount_date, 		O.Ftotal_amount, 		O.Ftotal_firstpay, 		O.Ftotal_amount Fsupplier_amount, 		SUM(RI.Fpayed_capital) AS Fcapital, 		SUM(RI.Fpayed_fee) AS Fmon_fee, 		SUM(RI.Fpayed_penalty) AS Fpenalty, 		SUM(RI.Fpayed_reduce) AS Freduced_amount, 		SUM(IF (RI.Frepay_state IN (1, 10),RI.Fcapital,0)) AS Fcapitaling, 		SUM( 		CASE  		WHEN RI.Frepay_type = 10 AND RI.Frepay_state IN (1, 10) THEN RI.Fmon_fee 		WHEN RI.Frepay_type = 20 AND RI.Frepay_state = 1 AND DATEDIFF(CURDATE(),RI.Finterest_date) <= RI.Ffree_day THEN 0 		WHEN RI.Frepay_type = 20 AND RI.Frepay_state = 1 AND DATEDIFF(CURDATE(),RI.Finterest_date) > RI.Ffree_day THEN CEIL(RI.Fcapital * RI.Fratio * (DATEDIFF(CURDATE(),RI.Finterest_date) - RI.Ffree_day) / 10000) 		WHEN RI.Frepay_type = 20 AND RI.Frepay_state = 10 AND DATEDIFF(RI.Frepay_date,RI.Finterest_date) <= RI.Ffree_day THEN 0 		WHEN RI.Frepay_type = 20 AND RI.Frepay_state = 10 AND DATEDIFF(RI.Frepay_date,RI.Finterest_date) > RI.Ffree_day THEN CEIL(RI.Fcapital * RI.Fratio * (DATEDIFF(Frepay_date,RI.Finterest_date) - RI.Ffree_day) / 10000) 		ELSE 0 		END 		) AS Fmon_feeing, 		SUM( 		CASE 		WHEN RI.Frepay_type = 10 AND RI.Frepay_state IN (1, 10) THEN RI.Fpenalty 		WHEN RI.Frepay_type = 20 AND RI.Frepay_state = 1 THEN 0 		WHEN RI.Frepay_type = 20 AND RI.Frepay_state = 10 AND DATEDIFF(RI.Frepay_date,RI.Finterest_date) <= RI.Ffree_day THEN 0 		WHEN RI.Frepay_type = 20 AND RI.Frepay_state = 10 AND DATEDIFF(RI.Frepay_date,RI.Finterest_date) > RI.Ffree_day THEN CEIL(RI.Fcapital * RI.Foverdue_ratio * (DATEDIFF(CURDATE(), RI.Frepay_date) - RI.Foverdue_free_day) / 10000) 		ELSE 0 		END 		) AS Fpenaltying, 		SUM(IF (RI.Frepay_state IN (1, 10), RI.Freduced_amount, 0)) AS Freduced_amounting 	FROM 		order_db.t_order AS O 		LEFT JOIN order_db.t_repay_info AS RI ON O.Forder_id = RI.Forder_id 		AND RI.Frepay_state <> 30 	WHERE 		O.Forder_state >= 350 	AND (O.Finner_flag & 1) = 0 	GROUP BY 		O.Forder_id ) AS O  WHERE Forder_type=20  group by Fmon;
# Time: 150309 22:01:08
# User@Host: fql_slave[fql_slave] @  [192.168.1.50]
# Query_time: 2.948028  Lock_time: 0.000114 Rows_sent: 3  Rows_examined: 614572
SET timestamp=1425909668;
SELECT O.Forder_id,O.Forder_type,O.Frepay_type,O.Fuid,O.Ftotal_amount,O.Ftotal_firstpay,O.Ftotal_mon_pay,O.Fmax_fq_num,O.Forder_state,O.Fpay_state,O.Fdiscount_id,O.Fdiscount_amount,O.Frepay_num,Fpay_type,Fname,Fsupplier,Fsupplier_id,Farrive_time,Fexpect_arrive,Fsupplier_amount,Fdelivery,Fdelivery_memo,Fcheck_require,Fcheck_result,Fcompany_id,Freceiver_id,Fschool,Freceipt_mobile,Ftelephone,Farea,Farea_id,O.Fagent,Finner_flag,O.Fcreate_time,O.Fmodify_time,Fmemo,Faccount_date,Fnext_repay_day,Finstitute,Fmon_repay_day,Fcredit_id,Fcredit_front,Fcredit_back,Fpersonal_pic,Fgrade,Fstudent_id,Fstudent_id_pic,Ffee_list_pic,Fuser_info_pic,Fdorm_pic,Fschool_roll_pic,Fcontract_front,Fcontract_sign,Forder_type,Fchannel_id,Fcity_id,Fcity FROM order_db.t_order AS O   WHERE  1 AND (Fname = '17862845667' or Freceipt_mobile = '17862845667') AND Forder_type IN(100,20,30) AND  O.Fcreate_time >= '2014-02-09 00:00:00'  AND  O.Fcreate_time <= '2015-03-09 59:59:59'  AND  1  AND (Finner_flag&1)=0 ORDER BY  O.Fcreate_time DESC  LIMIT 0,10;
# Time: 150309 22:05:00
# User@Host: fql_slave[fql_slave] @  [192.168.1.50]
# Query_time: 2.280052  Lock_time: 0.000172 Rows_sent: 0  Rows_examined: 615349
SET timestamp=1425909900;
SELECT oi.Forder_id,oi.Forder_state,oi.Forder_type,oi.Fname,oi.Freceipt_mobile,oi.Fnext_repay_day,oi.Fmon_repay_day,oi.Fcheck_result,oi.Ftotal_amount,oi.Fcheck_require,oi.Fpay_state,oi.Ftotal_firstpay,oi.Fschool,oi.Farea,od.Faccept_order_time,od.Faccept_state,od.Fflag,oi.Fsupplier_id,od.Fdelivery_id,od.Fdelivery_id_type,od.Fcreate_time as Ffirst_apprv_time,oi.Fcreate_time FROM order_db.t_order_delivery AS od RIGHT JOIN order_db.t_order AS oi using(Forder_id)  WHERE  1 AND oi.Fname='田宝生' AND oi.Fpay_state!=21 AND  oi.Ftotal_firstpay !=0   AND oi.Forder_state>=350 AND (oi.Fcheck_result&2048=0 AND oi.Fcheck_result&4096=0 AND oi.Fcheck_result&8192=0) AND  ((od.Fdelivery_id = 3043 and od.Fdelivery_id_type = 1) or oi.Fdelivery = 'wanghaoliang') ORDER BY oi.Fcreate_time ASC LIMIT 30,10;
# Time: 150309 22:12:52
# User@Host: fql_slave[fql_slave] @  [192.168.1.50]
# Query_time: 2.566622  Lock_time: 0.000151 Rows_sent: 1  Rows_examined: 615294
SET timestamp=1425910372;
SELECT O.Forder_id,O.Forder_type,O.Frepay_type,O.Fuid,O.Ftotal_amount,O.Ftotal_firstpay,O.Ftotal_mon_pay,O.Fmax_fq_num,O.Forder_state,O.Fpay_state,O.Fdiscount_id,O.Fdiscount_amount,O.Frepay_num,Fpay_type,Fname,Fsupplier,Fsupplier_id,Farrive_time,Fexpect_arrive,Fsupplier_amount,Fdelivery,Fdelivery_memo,Fcheck_require,Fcheck_result,Fcompany_id,Freceiver_id,Fschool,Freceipt_mobile,Ftelephone,Farea,Farea_id,O.Fagent,Finner_flag,O.Fcreate_time,O.Fmodify_time,Fmemo,Faccount_date,Fnext_repay_day,Finstitute,Fmon_repay_day,Fcredit_id,Fcredit_front,Fcredit_back,Fpersonal_pic,Fgrade,Fstudent_id,Fstudent_id_pic,Ffee_list_pic,Fuser_info_pic,Fdorm_pic,Fschool_roll_pic,Fcontract_front,Fcontract_sign,Forder_type,Fchannel_id,Fcity_id,Fcity FROM order_db.t_order AS O   WHERE  1 AND (Fname = '18891320300' or Freceipt_mobile = '18891320300') AND Forder_type IN(100,20,30) AND  O.Fcreate_time >= '2013-11-10 00:00:00'  AND  O.Fcreate_time <= '2015-03-09 59:59:59'  AND  1  AND (Finner_flag&1)=0 ORDER BY  O.Fcreate_time DESC  LIMIT 0,10;
# Time: 150309 22:17:56
# User@Host: fql_slave[fql_slave] @  [192.168.1.50]
# Query_time: 2.501048  Lock_time: 0.000147 Rows_sent: 1  Rows_examined: 614726
SET timestamp=1425910676;
SELECT O.Forder_id,O.Forder_type,O.Frepay_type,O.Fuid,O.Ftotal_amount,O.Ftotal_firstpay,O.Ftotal_mon_pay,O.Fmax_fq_num,O.Forder_state,O.Fpay_state,O.Fdiscount_id,O.Fdiscount_amount,O.Frepay_num,Fpay_type,Fname,Fsupplier,Fsupplier_id,Farrive_time,Fexpect_arrive,Fsupplier_amount,Fdelivery,Fdelivery_memo,Fcheck_require,Fcheck_result,Fcompany_id,Freceiver_id,Fschool,Freceipt_mobile,Ftelephone,Farea,Farea_id,O.Fagent,Finner_flag,O.Fcreate_time,O.Fmodify_time,Fmemo,Faccount_date,Fnext_repay_day,Finstitute,Fmon_repay_day,Fcredit_id,Fcredit_front,Fcredit_back,Fpersonal_pic,Fgrade,Fstudent_id,Fstudent_id_pic,Ffee_list_pic,Fuser_info_pic,Fdorm_pic,Fschool_roll_pic,Fcontract_front,Fcontract_sign,Forder_type,Fchannel_id,Fcity_id,Fcity FROM order_db.t_order AS O   WHERE  1 AND (Fname = '17710219213' or Freceipt_mobile = '17710219213') AND Forder_type IN(100,20,30) AND  O.Fcreate_time >= '2014-02-09 00:00:00'  AND  O.Fcreate_time <= '2015-03-09 59:59:59'  AND  1  AND (Finner_flag&1)=0 ORDER BY  O.Fcreate_time DESC  LIMIT 0,10;
# Time: 150309 22:35:12
# User@Host: fql_slave[fql_slave] @  [192.168.1.50]
# Query_time: 2.790110  Lock_time: 0.000139 Rows_sent: 2  Rows_examined: 614891
SET timestamp=1425911712;
SELECT O.Forder_id,O.Forder_type,O.Frepay_type,O.Fuid,O.Ftotal_amount,O.Ftotal_firstpay,O.Ftotal_mon_pay,O.Fmax_fq_num,O.Forder_state,O.Fpay_state,O.Fdiscount_id,O.Fdiscount_amount,O.Frepay_num,Fpay_type,Fname,Fsupplier,Fsupplier_id,Farrive_time,Fexpect_arrive,Fsupplier_amount,Fdelivery,Fdelivery_memo,Fcheck_require,Fcheck_result,Fcompany_id,Freceiver_id,Fschool,Freceipt_mobile,Ftelephone,Farea,Farea_id,O.Fagent,Finner_flag,O.Fcreate_time,O.Fmodify_time,Fmemo,Faccount_date,Fnext_repay_day,Finstitute,Fmon_repay_day,Fcredit_id,Fcredit_front,Fcredit_back,Fpersonal_pic,Fgrade,Fstudent_id,Fstudent_id_pic,Ffee_list_pic,Fuser_info_pic,Fdorm_pic,Fschool_roll_pic,Fcontract_front,Fcontract_sign,Forder_type,Fchannel_id,Fcity_id,Fcity FROM order_db.t_order AS O   WHERE  1 AND (Fname = '13203803860' or Freceipt_mobile = '13203803860') AND Forder_type IN(100,20,30) AND  O.Fcreate_time >= '2014-02-09 00:00:00'  AND  O.Fcreate_time <= '2015-03-09 59:59:59'  AND  1  AND (Finner_flag&1)=0 ORDER BY  O.Fcreate_time DESC  LIMIT 0,10;
# Time: 150309 22:37:01
# User@Host: fql_slave[fql_slave] @  [192.168.1.50]
# Query_time: 3.380079  Lock_time: 0.000248 Rows_sent: 3  Rows_examined: 614904
SET timestamp=1425911821;
SELECT O.Forder_id,O.Forder_type,O.Frepay_type,O.Fuid,O.Ftotal_amount,O.Ftotal_firstpay,O.Ftotal_mon_pay,O.Fmax_fq_num,O.Forder_state,O.Fpay_state,O.Fdiscount_id,O.Fdiscount_amount,O.Frepay_num,Fpay_type,Fname,Fsupplier,Fsupplier_id,Farrive_time,Fexpect_arrive,Fsupplier_amount,Fdelivery,Fdelivery_memo,Fcheck_require,Fcheck_result,Fcompany_id,Freceiver_id,Fschool,Freceipt_mobile,Ftelephone,Farea,Farea_id,O.Fagent,Finner_flag,O.Fcreate_time,O.Fmodify_time,Fmemo,Faccount_date,Fnext_repay_day,Finstitute,Fmon_repay_day,Fcredit_id,Fcredit_front,Fcredit_back,Fpersonal_pic,Fgrade,Fstudent_id,Fstudent_id_pic,Ffee_list_pic,Fuser_info_pic,Fdorm_pic,Fschool_roll_pic,Fcontract_front,Fcontract_sign,Forder_type,Fchannel_id,Fcity_id,Fcity FROM order_db.t_order AS O   WHERE  1 AND (Fname = '18883895133' or Freceipt_mobile = '18883895133') AND Forder_type IN(100,20,30) AND  O.Fcreate_time >= '2014-02-09 00:00:00'  AND  O.Fcreate_time <= '2015-03-09 59:59:59'  AND  1  AND (Finner_flag&1)=0 ORDER BY  O.Fcreate_time DESC  LIMIT 20,10;
# Time: 150309 22:40:20
# User@Host: fql_slave[fql_slave] @  [192.168.1.50]
# Query_time: 2.442682  Lock_time: 0.000160 Rows_sent: 2  Rows_examined: 614934
SET timestamp=1425912020;
SELECT O.Forder_id,O.Forder_type,O.Frepay_type,O.Fuid,O.Ftotal_amount,O.Ftotal_firstpay,O.Ftotal_mon_pay,O.Fmax_fq_num,O.Forder_state,O.Fpay_state,O.Fdiscount_id,O.Fdiscount_amount,O.Frepay_num,Fpay_type,Fname,Fsupplier,Fsupplier_id,Farrive_time,Fexpect_arrive,Fsupplier_amount,Fdelivery,Fdelivery_memo,Fcheck_require,Fcheck_result,Fcompany_id,Freceiver_id,Fschool,Freceipt_mobile,Ftelephone,Farea,Farea_id,O.Fagent,Finner_flag,O.Fcreate_time,O.Fmodify_time,Fmemo,Faccount_date,Fnext_repay_day,Finstitute,Fmon_repay_day,Fcredit_id,Fcredit_front,Fcredit_back,Fpersonal_pic,Fgrade,Fstudent_id,Fstudent_id_pic,Ffee_list_pic,Fuser_info_pic,Fdorm_pic,Fschool_roll_pic,Fcontract_front,Fcontract_sign,Forder_type,Fchannel_id,Fcity_id,Fcity FROM order_db.t_order AS O   WHERE  1 AND (Fname = '15273356279' or Freceipt_mobile = '15273356279') AND Forder_type IN(100,20,30) AND  O.Fcreate_time >= '2014-02-09 00:00:00'  AND  O.Fcreate_time <= '2015-03-09 59:59:59'  AND  1  AND (Finner_flag&1)=0 ORDER BY  O.Fcreate_time DESC  LIMIT 0,10;
